<?xml version="1.0" encoding="UTF-8"?>
<testng-results ignored="0" total="2" passed="2" failed="0" skipped="0">
  <reporter-output>
  </reporter-output>
  <suite started-at="2021-03-03T11:27:54 IST" name="SmokeTestSuite" finished-at="2021-03-03T11:28:03 IST" duration-ms="8918">
    <groups>
    </groups>
    <test started-at="2021-03-03T11:27:54 IST" name="verifyTitle" finished-at="2021-03-03T11:27:59 IST" duration-ms="4811">
      <class name="com.googleTest.GoogleProject.TestClass">
        <test-method is-config="true" signature="browserSeteup()[pri:0, instance:com.googleTest.GoogleProject.TestClass@6973bf95]" started-at="2021-03-03T11:27:54 IST" name="browserSeteup" finished-at="2021-03-03T11:27:59 IST" duration-ms="4662" status="PASS">
          <reporter-output>
          </reporter-output>
        </test-method> <!-- browserSeteup -->
        <test-method signature="testTitle()[pri:0, instance:com.googleTest.GoogleProject.TestClass@6973bf95]" started-at="2021-03-03T11:27:59 IST" name="testTitle" finished-at="2021-03-03T11:27:59 IST" duration-ms="19" status="PASS">
          <reporter-output>
          </reporter-output>
        </test-method> <!-- testTitle -->
        <test-method is-config="true" signature="tearDown()[pri:0, instance:com.googleTest.GoogleProject.TestClass@6973bf95]" started-at="2021-03-03T11:27:59 IST" name="tearDown" finished-at="2021-03-03T11:27:59 IST" duration-ms="96" status="PASS">
          <reporter-output>
          </reporter-output>
        </test-method> <!-- tearDown -->
      </class> <!-- com.googleTest.GoogleProject.TestClass -->
    </test> <!-- verifyTitle -->
    <test started-at="2021-03-03T11:27:59 IST" name="verifyImages" finished-at="2021-03-03T11:28:03 IST" duration-ms="4037">
      <class name="com.googleTest.GoogleProject.TestImageClass">
        <test-method signature="testImage()[pri:0, instance:com.googleTest.GoogleProject.TestImageClass@2b6faea6]" started-at="2021-03-03T11:27:59 IST" name="testImage" finished-at="2021-03-03T11:28:03 IST" duration-ms="4034" status="PASS">
          <reporter-output>
          </reporter-output>
        </test-method> <!-- testImage -->
      </class> <!-- com.googleTest.GoogleProject.TestImageClass -->
    </test> <!-- verifyImages -->
  </suite> <!-- SmokeTestSuite -->
</testng-results>
