<?xml version="1.0" encoding="UTF-8"?>
<testng-results ignored="0" total="2" passed="2" failed="0" skipped="0">
  <reporter-output>
  </reporter-output>
  <suite started-at="2021-03-02T14:26:31 IST" name="Default suite" finished-at="2021-03-02T14:26:36 IST" duration-ms="4198">
    <groups>
    </groups>
    <test started-at="2021-03-02T14:26:31 IST" name="Default test" finished-at="2021-03-02T14:26:36 IST" duration-ms="4198">
      <class name="com.googleTest.GoogleProject.GoogleTestClass">
        <test-method is-config="true" signature="driverSetup()[pri:0, instance:com.googleTest.GoogleProject.GoogleTestClass@2ddc8ecb]" started-at="2021-03-02T14:26:31 IST" name="driverSetup" finished-at="2021-03-02T14:26:35 IST" duration-ms="4023" status="PASS">
          <reporter-output>
          </reporter-output>
        </test-method> <!-- driverSetup -->
        <test-method signature="verifyImagesLink()[pri:0, instance:com.googleTest.GoogleProject.GoogleTestClass@2ddc8ecb]" started-at="2021-03-02T14:26:35 IST" name="verifyImagesLink" finished-at="2021-03-02T14:26:35 IST" duration-ms="49" status="PASS">
          <reporter-output>
          </reporter-output>
        </test-method> <!-- verifyImagesLink -->
        <test-method signature="verifyTitle()[pri:0, instance:com.googleTest.GoogleProject.GoogleTestClass@2ddc8ecb]" started-at="2021-03-02T14:26:35 IST" name="verifyTitle" finished-at="2021-03-02T14:26:35 IST" duration-ms="7" status="PASS">
          <reporter-output>
          </reporter-output>
        </test-method> <!-- verifyTitle -->
        <test-method is-config="true" signature="tearDown()[pri:0, instance:com.googleTest.GoogleProject.GoogleTestClass@2ddc8ecb]" started-at="2021-03-02T14:26:35 IST" name="tearDown" finished-at="2021-03-02T14:26:36 IST" duration-ms="95" status="PASS">
          <reporter-output>
          </reporter-output>
        </test-method> <!-- tearDown -->
      </class> <!-- com.googleTest.GoogleProject.GoogleTestClass -->
    </test> <!-- Default test -->
  </suite> <!-- Default suite -->
</testng-results>
